2024-10-29 17:37:59,422 - INFO - Starting data collection from 2019-10-31 17:37:59.422532 to 2024-10-29 17:37:59.422532
2024-10-29 17:37:59,915 - INFO - Successfully fetched index data with 8 indices
2024-10-29 17:38:00,608 - INFO - Successfully fetched 50 Nifty 50 symbols
2024-10-29 17:38:00,610 - INFO - Processing stock: ADANIENT.NS
2024-10-29 17:38:00,612 - INFO - Processing stock: ADANIPORTS.NS
2024-10-29 17:38:00,615 - INFO - Processing stock: APOLLOHOSP.NS
2024-10-29 17:38:00,616 - INFO - Processing stock: ASIANPAINT.NS
2024-10-29 17:38:01,628 - INFO - Successfully saved data to data\raw\ADANIPORTS_stock_data.csv
2024-10-29 17:38:01,629 - INFO - Processing stock: AXISBANK.NS
2024-10-29 17:38:01,707 - INFO - Successfully saved data to data\raw\APOLLOHOSP_stock_data.csv
2024-10-29 17:38:01,715 - INFO - Processing stock: BAJAJ-AUTO.NS
2024-10-29 17:38:01,721 - INFO - Successfully saved data to data\raw\ASIANPAINT_stock_data.csv
2024-10-29 17:38:01,725 - INFO - Processing stock: BAJFINANCE.NS
2024-10-29 17:38:01,739 - INFO - Successfully saved data to data\raw\ADANIENT_stock_data.csv
2024-10-29 17:38:01,740 - INFO - Processing stock: BAJAJFINSV.NS
2024-10-29 17:38:01,810 - INFO - Successfully saved data to data\raw\AXISBANK_stock_data.csv
2024-10-29 17:38:01,812 - INFO - Processing stock: BEL.NS
2024-10-29 17:38:01,926 - INFO - Successfully saved data to data\raw\BAJAJFINSV_stock_data.csv
2024-10-29 17:38:01,933 - INFO - Processing stock: BPCL.NS
2024-10-29 17:38:01,944 - INFO - Successfully saved data to data\raw\BAJFINANCE_stock_data.csv
2024-10-29 17:38:01,945 - INFO - Processing stock: BHARTIARTL.NS
2024-10-29 17:38:01,992 - INFO - Successfully saved data to data\raw\BEL_stock_data.csv
2024-10-29 17:38:01,993 - INFO - Processing stock: BRITANNIA.NS
2024-10-29 17:38:02,036 - INFO - Successfully saved data to data\raw\BAJAJ-AUTO_stock_data.csv
2024-10-29 17:38:02,037 - INFO - Processing stock: CIPLA.NS
2024-10-29 17:38:02,145 - INFO - Successfully saved data to data\raw\BPCL_stock_data.csv
2024-10-29 17:38:02,153 - INFO - Processing stock: COALINDIA.NS
2024-10-29 17:38:02,165 - INFO - Successfully saved data to data\raw\BRITANNIA_stock_data.csv
2024-10-29 17:38:02,167 - INFO - Processing stock: DRREDDY.NS
2024-10-29 17:38:02,256 - INFO - Successfully saved data to data\raw\BHARTIARTL_stock_data.csv
2024-10-29 17:38:02,264 - INFO - Processing stock: EICHERMOT.NS
2024-10-29 17:38:02,267 - INFO - Successfully saved data to data\raw\CIPLA_stock_data.csv
2024-10-29 17:38:02,269 - INFO - Processing stock: GRASIM.NS
2024-10-29 17:38:02,310 - INFO - Successfully saved data to data\raw\COALINDIA_stock_data.csv
2024-10-29 17:38:02,333 - INFO - Processing stock: HCLTECH.NS
2024-10-29 17:38:02,357 - INFO - Successfully saved data to data\raw\DRREDDY_stock_data.csv
2024-10-29 17:38:02,358 - INFO - Processing stock: HDFCBANK.NS
2024-10-29 17:38:02,498 - INFO - Successfully saved data to data\raw\GRASIM_stock_data.csv
2024-10-29 17:38:02,505 - INFO - Processing stock: HDFCLIFE.NS
2024-10-29 17:38:02,577 - INFO - Successfully saved data to data\raw\HCLTECH_stock_data.csv
2024-10-29 17:38:02,583 - INFO - Processing stock: HEROMOTOCO.NS
2024-10-29 17:38:02,583 - INFO - Successfully saved data to data\raw\EICHERMOT_stock_data.csv
2024-10-29 17:38:02,586 - INFO - Processing stock: HINDALCO.NS
2024-10-29 17:38:02,609 - INFO - Successfully saved data to data\raw\HDFCBANK_stock_data.csv
2024-10-29 17:38:02,610 - INFO - Processing stock: HINDUNILVR.NS
2024-10-29 17:38:02,717 - INFO - Successfully saved data to data\raw\HDFCLIFE_stock_data.csv
2024-10-29 17:38:02,718 - INFO - Processing stock: ICICIBANK.NS
2024-10-29 17:38:02,750 - INFO - Successfully saved data to data\raw\HEROMOTOCO_stock_data.csv
2024-10-29 17:38:02,751 - INFO - Processing stock: INDUSINDBK.NS
2024-10-29 17:38:02,840 - INFO - Successfully saved data to data\raw\HINDALCO_stock_data.csv
2024-10-29 17:38:02,857 - INFO - Successfully saved data to data\raw\HINDUNILVR_stock_data.csv
2024-10-29 17:38:02,857 - INFO - Processing stock: INFY.NS
2024-10-29 17:38:02,858 - INFO - Processing stock: ITC.NS
2024-10-29 17:38:02,910 - INFO - Successfully saved data to data\raw\INDUSINDBK_stock_data.csv
2024-10-29 17:38:02,911 - INFO - Processing stock: JSWSTEEL.NS
2024-10-29 17:38:02,940 - INFO - Successfully saved data to data\raw\ICICIBANK_stock_data.csv
2024-10-29 17:38:02,941 - INFO - Processing stock: KOTAKBANK.NS
2024-10-29 17:38:03,064 - INFO - Successfully saved data to data\raw\INFY_stock_data.csv
2024-10-29 17:38:03,066 - INFO - Processing stock: LT.NS
2024-10-29 17:38:03,101 - INFO - Successfully saved data to data\raw\KOTAKBANK_stock_data.csv
2024-10-29 17:38:03,101 - INFO - Processing stock: M&M.NS
2024-10-29 17:38:03,171 - INFO - Successfully saved data to data\raw\ITC_stock_data.csv
2024-10-29 17:38:03,173 - INFO - Successfully saved data to data\raw\JSWSTEEL_stock_data.csv
2024-10-29 17:38:03,173 - INFO - Processing stock: MARUTI.NS
2024-10-29 17:38:03,174 - INFO - Processing stock: NESTLEIND.NS
2024-10-29 17:38:03,227 - INFO - Successfully saved data to data\raw\LT_stock_data.csv
2024-10-29 17:38:03,228 - INFO - Processing stock: NTPC.NS
2024-10-29 17:38:03,341 - INFO - Successfully saved data to data\raw\M&M_stock_data.csv
2024-10-29 17:38:03,345 - INFO - Processing stock: ONGC.NS
2024-10-29 17:38:03,365 - INFO - Successfully saved data to data\raw\NESTLEIND_stock_data.csv
2024-10-29 17:38:03,371 - INFO - Processing stock: POWERGRID.NS
2024-10-29 17:38:03,401 - INFO - Successfully saved data to data\raw\MARUTI_stock_data.csv
2024-10-29 17:38:03,407 - INFO - Processing stock: RELIANCE.NS
2024-10-29 17:38:03,440 - INFO - Successfully saved data to data\raw\NTPC_stock_data.csv
2024-10-29 17:38:03,440 - INFO - Processing stock: SBILIFE.NS
2024-10-29 17:38:03,573 - INFO - Successfully saved data to data\raw\ONGC_stock_data.csv
2024-10-29 17:38:03,580 - INFO - Processing stock: SHRIRAMFIN.NS
2024-10-29 17:38:03,588 - INFO - Successfully saved data to data\raw\POWERGRID_stock_data.csv
2024-10-29 17:38:03,605 - INFO - Processing stock: SBIN.NS
2024-10-29 17:38:03,624 - INFO - Successfully saved data to data\raw\SBILIFE_stock_data.csv
2024-10-29 17:38:03,625 - INFO - Processing stock: SUNPHARMA.NS
2024-10-29 17:38:03,669 - INFO - Successfully saved data to data\raw\RELIANCE_stock_data.csv
2024-10-29 17:38:03,670 - INFO - Processing stock: TCS.NS
2024-10-29 17:38:03,742 - INFO - Successfully saved data to data\raw\SHRIRAMFIN_stock_data.csv
2024-10-29 17:38:03,743 - INFO - Processing stock: TATACONSUM.NS
2024-10-29 17:38:03,872 - INFO - Successfully saved data to data\raw\SBIN_stock_data.csv
2024-10-29 17:38:03,877 - INFO - Processing stock: TATAMOTORS.NS
2024-10-29 17:38:03,907 - INFO - Successfully saved data to data\raw\TCS_stock_data.csv
2024-10-29 17:38:03,908 - INFO - Successfully saved data to data\raw\SUNPHARMA_stock_data.csv
2024-10-29 17:38:03,909 - INFO - Processing stock: TATASTEEL.NS
2024-10-29 17:38:03,910 - INFO - Processing stock: TECHM.NS
2024-10-29 17:38:03,946 - INFO - Successfully saved data to data\raw\TATACONSUM_stock_data.csv
2024-10-29 17:38:03,947 - INFO - Processing stock: TITAN.NS
2024-10-29 17:38:04,073 - INFO - Successfully saved data to data\raw\TATAMOTORS_stock_data.csv
2024-10-29 17:38:04,074 - INFO - Processing stock: TRENT.NS
2024-10-29 17:38:04,160 - INFO - Successfully saved data to data\raw\TITAN_stock_data.csv
2024-10-29 17:38:04,163 - INFO - Processing stock: ULTRACEMCO.NS
2024-10-29 17:38:04,199 - INFO - Successfully saved data to data\raw\TATASTEEL_stock_data.csv
2024-10-29 17:38:04,201 - INFO - Successfully saved data to data\raw\TECHM_stock_data.csv
2024-10-29 17:38:04,201 - INFO - Processing stock: WIPRO.NS
2024-10-29 17:38:04,203 - INFO - Processing index: ^NSEI
2024-10-29 17:38:04,249 - INFO - Successfully saved data to data\raw\TRENT_stock_data.csv
2024-10-29 17:38:04,249 - INFO - Processing index: ^NSEBANK
2024-10-29 17:38:04,420 - INFO - Successfully saved data to data\raw\NSEBANK_index_data.csv
2024-10-29 17:38:04,429 - INFO - Successfully saved data to data\raw\ULTRACEMCO_stock_data.csv
2024-10-29 17:38:04,430 - INFO - Processing index: ^CNXIT
2024-10-29 17:38:04,431 - INFO - Successfully saved data to data\raw\NSEI_index_data.csv
2024-10-29 17:38:04,436 - INFO - Processing index: ^0P0001PQB7
2024-10-29 17:38:04,463 - INFO - Processing index: ^CNXFINANCE
2024-10-29 17:38:04,492 - WARNING - Attempt 1 failed for ^CNXIT: No objects to concatenate
2024-10-29 17:38:04,517 - INFO - Successfully saved data to data\raw\WIPRO_stock_data.csv
2024-10-29 17:38:04,518 - INFO - Processing index: ^CNXFMCG
2024-10-29 17:38:04,686 - INFO - Successfully saved data to data\raw\CNXFMCG_index_data.csv
2024-10-29 17:38:04,695 - INFO - Processing index: ^CNXMETAL
2024-10-29 17:38:04,701 - INFO - Successfully saved data to data\raw\0P0001PQB7_index_data.csv
2024-10-29 17:38:04,704 - INFO - Processing index: ^CNXPHARMA
2024-10-29 17:38:04,712 - INFO - Successfully saved data to data\raw\CNXFINANCE_index_data.csv
2024-10-29 17:38:06,539 - ERROR - 
1 Failed download:
2024-10-29 17:38:06,539 - ERROR - 
1 Failed download:
2024-10-29 17:38:06,540 - ERROR - ['^CNXFINANCE']: YFTzMissingError('$%ticker%: possibly delisted; no timezone found')
2024-10-29 17:38:06,541 - ERROR - ['^CNXFINANCE']: YFTzMissingError('$%ticker%: possibly delisted; no timezone found')
2024-10-29 17:38:06,544 - WARNING - Empty data received for ^CNXMETAL
2024-10-29 17:38:06,546 - ERROR - 
1 Failed download:
2024-10-29 17:38:06,549 - WARNING - Empty data received for ^CNXPHARMA
2024-10-29 17:38:06,551 - ERROR - ['^CNXFINANCE', '^0P0001PQB7']: YFTzMissingError('$%ticker%: possibly delisted; no timezone found')
2024-10-29 17:38:06,555 - WARNING - Empty data received for ^CNXIT
2024-10-29 17:38:06,557 - WARNING - File data\raw\NIFTY_50_index_data.csv does not exist.
2024-10-29 17:38:06,558 - WARNING - File data\raw\NIFTY_BANK_index_data.csv does not exist.
2024-10-29 17:38:06,560 - WARNING - File data\raw\NIFTY_IT_index_data.csv does not exist.
2024-10-29 17:38:06,561 - WARNING - File data\raw\NIFTY_AUTO_index_data.csv does not exist.
2024-10-29 17:38:06,563 - WARNING - File data\raw\NIFTY_FINANCIAL_SERVICES_index_data.csv does not exist.
2024-10-29 17:38:06,564 - WARNING - File data\raw\NIFTY_FMCG_index_data.csv does not exist.
2024-10-29 17:38:06,565 - WARNING - File data\raw\NIFTY_METAL_index_data.csv does not exist.
2024-10-29 17:38:06,567 - WARNING - File data\raw\NIFTY_PHARMA_index_data.csv does not exist.
2024-10-29 17:38:06,567 - INFO - Download complete. Successful: 55, Failed: 3
2024-10-29 17:38:06,568 - INFO - Data collection completed. Successful: 55, Failed: 3
2024-10-29 17:56:12,032 - INFO - Starting data collection from 2019-10-31 17:56:12.032513 to 2024-10-29 17:56:12.032513
2024-10-29 17:56:12,529 - INFO - Successfully fetched index data with 8 indices
2024-10-29 17:56:13,272 - INFO - Successfully fetched 50 Nifty 50 symbols
2024-10-29 17:56:13,273 - INFO - Processing stock: ADANIENT.NS
2024-10-29 17:56:13,276 - INFO - Processing stock: ADANIPORTS.NS
2024-10-29 17:56:13,276 - INFO - Processing stock: APOLLOHOSP.NS
2024-10-29 17:56:13,277 - INFO - Processing stock: ASIANPAINT.NS
2024-10-29 17:56:13,814 - INFO - Appended data to data\raw\ADANIENT_stock_data.csv
2024-10-29 17:56:13,820 - INFO - Processing stock: AXISBANK.NS
2024-10-29 17:56:13,870 - INFO - Appended data to data\raw\APOLLOHOSP_stock_data.csv
2024-10-29 17:56:13,870 - INFO - Appended data to data\raw\ADANIPORTS_stock_data.csv
2024-10-29 17:56:13,873 - INFO - Processing stock: BAJAJ-AUTO.NS
2024-10-29 17:56:13,874 - INFO - Processing stock: BAJFINANCE.NS
2024-10-29 17:56:13,890 - INFO - Appended data to data\raw\ASIANPAINT_stock_data.csv
2024-10-29 17:56:13,892 - INFO - Processing stock: BAJAJFINSV.NS
2024-10-29 17:56:14,028 - INFO - Appended data to data\raw\AXISBANK_stock_data.csv
2024-10-29 17:56:14,029 - INFO - Processing stock: BEL.NS
2024-10-29 17:56:14,142 - INFO - Appended data to data\raw\BAJFINANCE_stock_data.csv
2024-10-29 17:56:14,154 - INFO - Appended data to data\raw\BAJAJ-AUTO_stock_data.csv
2024-10-29 17:56:14,155 - INFO - Processing stock: BPCL.NS
2024-10-29 17:56:14,157 - INFO - Processing stock: BHARTIARTL.NS
2024-10-29 17:56:14,160 - INFO - Appended data to data\raw\BAJAJFINSV_stock_data.csv
2024-10-29 17:56:14,164 - INFO - Processing stock: BRITANNIA.NS
2024-10-29 17:56:14,228 - INFO - Appended data to data\raw\BEL_stock_data.csv
2024-10-29 17:56:14,229 - INFO - Processing stock: CIPLA.NS
2024-10-29 17:56:14,342 - INFO - Appended data to data\raw\BPCL_stock_data.csv
2024-10-29 17:56:14,362 - INFO - Processing stock: COALINDIA.NS
2024-10-29 17:56:14,410 - INFO - Appended data to data\raw\BRITANNIA_stock_data.csv
2024-10-29 17:56:14,411 - INFO - Appended data to data\raw\BHARTIARTL_stock_data.csv
2024-10-29 17:56:14,416 - INFO - Processing stock: DRREDDY.NS
2024-10-29 17:56:14,432 - INFO - Processing stock: EICHERMOT.NS
2024-10-29 17:56:14,450 - INFO - Appended data to data\raw\CIPLA_stock_data.csv
2024-10-29 17:56:14,450 - INFO - Processing stock: GRASIM.NS
2024-10-29 17:56:14,667 - INFO - Appended data to data\raw\COALINDIA_stock_data.csv
2024-10-29 17:56:14,676 - INFO - Processing stock: HCLTECH.NS
2024-10-29 17:56:14,711 - INFO - Appended data to data\raw\EICHERMOT_stock_data.csv
2024-10-29 17:56:14,714 - INFO - Processing stock: HDFCBANK.NS
2024-10-29 17:56:14,749 - INFO - Appended data to data\raw\DRREDDY_stock_data.csv
2024-10-29 17:56:14,756 - INFO - Processing stock: HDFCLIFE.NS
2024-10-29 17:56:14,763 - INFO - Appended data to data\raw\GRASIM_stock_data.csv
2024-10-29 17:56:14,764 - INFO - Processing stock: HEROMOTOCO.NS
2024-10-29 17:56:14,876 - INFO - Appended data to data\raw\HCLTECH_stock_data.csv
2024-10-29 17:56:14,877 - INFO - Processing stock: HINDALCO.NS
2024-10-29 17:56:14,911 - INFO - Appended data to data\raw\HDFCBANK_stock_data.csv
2024-10-29 17:56:14,913 - INFO - Processing stock: HINDUNILVR.NS
2024-10-29 17:56:14,965 - INFO - Appended data to data\raw\HDFCLIFE_stock_data.csv
2024-10-29 17:56:14,972 - INFO - Processing stock: ICICIBANK.NS
2024-10-29 17:56:14,984 - INFO - Appended data to data\raw\HEROMOTOCO_stock_data.csv
2024-10-29 17:56:14,985 - INFO - Processing stock: INDUSINDBK.NS
2024-10-29 17:56:15,148 - INFO - Appended data to data\raw\HINDALCO_stock_data.csv
2024-10-29 17:56:15,150 - INFO - Processing stock: INFY.NS
2024-10-29 17:56:15,233 - INFO - Appended data to data\raw\ICICIBANK_stock_data.csv
2024-10-29 17:56:15,233 - INFO - Appended data to data\raw\HINDUNILVR_stock_data.csv
2024-10-29 17:56:15,240 - INFO - Processing stock: ITC.NS
2024-10-29 17:56:15,242 - INFO - Processing stock: JSWSTEEL.NS
2024-10-29 17:56:15,248 - INFO - Appended data to data\raw\INDUSINDBK_stock_data.csv
2024-10-29 17:56:15,249 - INFO - Processing stock: KOTAKBANK.NS
2024-10-29 17:56:15,472 - INFO - Appended data to data\raw\ITC_stock_data.csv
2024-10-29 17:56:15,476 - INFO - Processing stock: LT.NS
2024-10-29 17:56:15,481 - INFO - Appended data to data\raw\KOTAKBANK_stock_data.csv
2024-10-29 17:56:15,485 - INFO - Processing stock: M&M.NS
2024-10-29 17:56:15,495 - INFO - Appended data to data\raw\JSWSTEEL_stock_data.csv
2024-10-29 17:56:15,496 - INFO - Processing stock: MARUTI.NS
2024-10-29 17:56:15,709 - INFO - Appended data to data\raw\M&M_stock_data.csv
2024-10-29 17:56:15,715 - INFO - Processing stock: NESTLEIND.NS
2024-10-29 17:56:15,738 - INFO - Appended data to data\raw\MARUTI_stock_data.csv
2024-10-29 17:56:15,746 - INFO - Processing stock: NTPC.NS
2024-10-29 17:56:15,754 - INFO - Appended data to data\raw\LT_stock_data.csv
2024-10-29 17:56:15,755 - INFO - Processing stock: ONGC.NS
2024-10-29 17:56:15,932 - INFO - Appended data to data\raw\NTPC_stock_data.csv
2024-10-29 17:56:15,938 - INFO - Processing stock: POWERGRID.NS
2024-10-29 17:56:15,950 - INFO - Appended data to data\raw\NESTLEIND_stock_data.csv
2024-10-29 17:56:15,951 - INFO - Processing stock: RELIANCE.NS
2024-10-29 17:56:16,006 - INFO - Appended data to data\raw\ONGC_stock_data.csv
2024-10-29 17:56:16,007 - INFO - Processing stock: SBILIFE.NS
2024-10-29 17:56:16,019 - INFO - Appended data to data\raw\INFY_stock_data.csv
2024-10-29 17:56:16,020 - INFO - Processing stock: SHRIRAMFIN.NS
2024-10-29 17:56:16,167 - INFO - Appended data to data\raw\POWERGRID_stock_data.csv
2024-10-29 17:56:16,168 - INFO - Processing stock: SBIN.NS
2024-10-29 17:56:16,258 - INFO - Appended data to data\raw\RELIANCE_stock_data.csv
2024-10-29 17:56:16,260 - INFO - Processing stock: SUNPHARMA.NS
2024-10-29 17:56:16,263 - INFO - Appended data to data\raw\SHRIRAMFIN_stock_data.csv
2024-10-29 17:56:16,267 - INFO - Processing stock: TCS.NS
2024-10-29 17:56:16,276 - INFO - Appended data to data\raw\SBILIFE_stock_data.csv
2024-10-29 17:56:16,279 - INFO - Processing stock: TATACONSUM.NS
2024-10-29 17:56:16,402 - INFO - Appended data to data\raw\SBIN_stock_data.csv
2024-10-29 17:56:16,403 - INFO - Processing stock: TATAMOTORS.NS
2024-10-29 17:56:16,500 - INFO - Appended data to data\raw\TCS_stock_data.csv
2024-10-29 17:56:16,505 - INFO - Processing stock: TATASTEEL.NS
2024-10-29 17:56:16,529 - INFO - Appended data to data\raw\SUNPHARMA_stock_data.csv
2024-10-29 17:56:16,530 - INFO - Appended data to data\raw\TATACONSUM_stock_data.csv
2024-10-29 17:56:16,531 - INFO - Processing stock: TECHM.NS
2024-10-29 17:56:16,532 - INFO - Processing stock: TITAN.NS
2024-10-29 17:56:16,598 - INFO - Appended data to data\raw\TATAMOTORS_stock_data.csv
2024-10-29 17:56:16,599 - INFO - Processing stock: TRENT.NS
2024-10-29 17:56:16,719 - INFO - Appended data to data\raw\TITAN_stock_data.csv
2024-10-29 17:56:16,727 - INFO - Processing stock: ULTRACEMCO.NS
2024-10-29 17:56:16,767 - INFO - Appended data to data\raw\TECHM_stock_data.csv
2024-10-29 17:56:16,772 - INFO - Processing stock: WIPRO.NS
2024-10-29 17:56:16,793 - INFO - Appended data to data\raw\TATASTEEL_stock_data.csv
2024-10-29 17:56:16,797 - INFO - Processing index: ^NSEI
2024-10-29 17:56:16,813 - INFO - Appended data to data\raw\TRENT_stock_data.csv
2024-10-29 17:56:16,814 - INFO - Processing index: ^NSEBANK
2024-10-29 17:56:16,993 - INFO - Appended data to data\raw\WIPRO_stock_data.csv
2024-10-29 17:56:17,027 - INFO - Processing index: ^CNXIT
2024-10-29 17:56:17,041 - INFO - Appended data to data\raw\ULTRACEMCO_stock_data.csv
2024-10-29 17:56:17,045 - INFO - Appended data to data\raw\NSEI_index_data.csv
2024-10-29 17:56:17,045 - INFO - Appended data to data\raw\NSEBANK_index_data.csv
2024-10-29 17:56:17,047 - INFO - Processing index: ^0P0001PQB7
2024-10-29 17:56:17,048 - INFO - Processing index: ^CNXFINANCE
2024-10-29 17:56:17,050 - INFO - Processing index: ^CNXFMCG
2024-10-29 17:56:17,056 - ERROR - 
1 Failed download:
2024-10-29 17:56:17,057 - ERROR - ['^0P0001PQB7']: YFTzMissingError('$%ticker%: possibly delisted; no timezone found')
2024-10-29 17:56:17,061 - WARNING - Empty data received for ^CNXFMCG
2024-10-29 17:56:17,062 - INFO - Processing index: ^CNXMETAL
2024-10-29 17:56:17,065 - ERROR - 
2 Failed downloads:
2024-10-29 17:56:17,065 - ERROR - 
2 Failed downloads:
2024-10-29 17:56:17,066 - WARNING - Attempt 1 failed for ^CNXIT: No objects to concatenate
2024-10-29 17:56:17,066 - WARNING - Attempt 1 failed for ^CNXFINANCE: No objects to concatenate
2024-10-29 17:56:17,067 - WARNING - Attempt 1 failed for ^0P0001PQB7: No objects to concatenate
2024-10-29 17:56:17,280 - INFO - Successfully saved data to data\raw\CNXMETAL_index_data.csv
2024-10-29 17:56:17,282 - INFO - Processing index: ^CNXPHARMA
2024-10-29 17:56:17,339 - INFO - Successfully saved data to data\raw\CNXPHARMA_index_data.csv
2024-10-29 17:56:19,082 - ERROR - 
2 Failed downloads:
2024-10-29 17:56:19,082 - ERROR - ['^CNXFINANCE', '^0P0001PQB7']: YFTzMissingError('$%ticker%: possibly delisted; no timezone found')
2024-10-29 17:56:19,082 - ERROR - 
2 Failed downloads:
2024-10-29 17:56:19,085 - WARNING - Empty data received for ^CNXIT
2024-10-29 17:56:19,087 - ERROR - 
2 Failed downloads:
2024-10-29 17:56:19,087 - ERROR - ['^CNXFINANCE', '^0P0001PQB7']: YFTzMissingError('$%ticker%: possibly delisted; no timezone found')
2024-10-29 17:56:19,089 - ERROR - ['^CNXFINANCE', '^0P0001PQB7']: YFTzMissingError('$%ticker%: possibly delisted; no timezone found')
2024-10-29 17:56:19,092 - WARNING - Empty data received for ^CNXFINANCE
2024-10-29 17:56:19,095 - WARNING - Empty data received for ^0P0001PQB7
2024-10-29 17:56:19,097 - WARNING - File data\raw\NIFTY_50_index_data.csv does not exist.
2024-10-29 17:56:19,099 - WARNING - File data\raw\NIFTY_BANK_index_data.csv does not exist.
2024-10-29 17:56:19,100 - WARNING - File data\raw\NIFTY_IT_index_data.csv does not exist.
2024-10-29 17:56:19,101 - WARNING - File data\raw\NIFTY_AUTO_index_data.csv does not exist.
2024-10-29 17:56:19,102 - WARNING - File data\raw\NIFTY_FINANCIAL_SERVICES_index_data.csv does not exist.
2024-10-29 17:56:19,104 - WARNING - File data\raw\NIFTY_FMCG_index_data.csv does not exist.
2024-10-29 17:56:19,105 - WARNING - File data\raw\NIFTY_METAL_index_data.csv does not exist.
2024-10-29 17:56:19,105 - WARNING - File data\raw\NIFTY_PHARMA_index_data.csv does not exist.
2024-10-29 17:56:19,106 - INFO - Download complete. Successful: 54, Failed: 4
2024-10-29 17:56:19,107 - INFO - Data collection completed. Successful: 54, Failed: 4
