2024-10-29 20:45:14,086 - INFO - Starting data preprocessing...
2024-10-29 20:45:15,729 - INFO - Total files to process: 55
2024-10-29 20:45:15,736 - INFO - Loaded stock data shape: (1238, 7)
2024-10-29 20:45:15,738 - INFO - Handled missing values: 0 values filled
2024-10-29 20:45:15,740 - INFO - Handled 0 outliers in Open
2024-10-29 20:45:15,742 - INFO - Handled 0 outliers in High
2024-10-29 20:45:15,745 - INFO - Handled 0 outliers in Low
2024-10-29 20:45:15,747 - INFO - Handled 0 outliers in Close
2024-10-29 20:45:15,750 - INFO - Handled 34 outliers in Volume
2024-10-29 20:45:15,752 - ERROR - Error calculating EMA: Length of values (1238) does not match length of index (1229)
2024-10-29 20:45:15,753 - ERROR - Error calculating RSI: Length of values (1224) does not match length of index (1225)
2024-10-29 20:45:15,756 - INFO - Technical indicators added successfully
2024-10-29 20:45:15,758 - INFO - Volatility measures added successfully
2024-10-29 20:45:15,783 - INFO - Processed data saved for ADANIENT.NS
2024-10-29 20:45:15,789 - INFO - Loaded stock data shape: (1238, 7)
2024-10-29 20:45:15,790 - INFO - Handled missing values: 0 values filled
2024-10-29 20:45:15,792 - INFO - Handled 0 outliers in Open
2024-10-29 20:45:15,794 - INFO - Handled 0 outliers in High
2024-10-29 20:45:15,796 - INFO - Handled 0 outliers in Low
2024-10-29 20:45:15,798 - INFO - Handled 0 outliers in Close
2024-10-29 20:45:15,801 - INFO - Handled 23 outliers in Volume
2024-10-29 20:45:15,803 - ERROR - Error calculating EMA: Length of values (1238) does not match length of index (1229)
2024-10-29 20:45:15,803 - ERROR - Error calculating RSI: Length of values (1224) does not match length of index (1225)
2024-10-29 20:45:15,805 - INFO - Technical indicators added successfully
2024-10-29 20:45:15,808 - INFO - Volatility measures added successfully
2024-10-29 20:45:15,832 - INFO - Processed data saved for ADANIPORTS.NS
2024-10-29 20:45:15,837 - INFO - Loaded stock data shape: (1238, 7)
2024-10-29 20:45:15,839 - INFO - Handled missing values: 0 values filled
2024-10-29 20:45:15,842 - INFO - Handled 0 outliers in Open
2024-10-29 20:45:15,844 - INFO - Handled 0 outliers in High
2024-10-29 20:45:15,846 - INFO - Handled 0 outliers in Low
2024-10-29 20:45:15,849 - INFO - Handled 0 outliers in Close
2024-10-29 20:45:15,851 - INFO - Handled 20 outliers in Volume
2024-10-29 20:45:15,852 - ERROR - Error calculating EMA: Length of values (1238) does not match length of index (1229)
2024-10-29 20:45:15,853 - ERROR - Error calculating RSI: Length of values (1224) does not match length of index (1225)
2024-10-29 20:45:15,856 - INFO - Technical indicators added successfully
2024-10-29 20:45:15,858 - INFO - Volatility measures added successfully
2024-10-29 20:45:15,881 - INFO - Processed data saved for APOLLOHOSP.NS
2024-10-29 20:45:15,886 - INFO - Loaded stock data shape: (1238, 7)
2024-10-29 20:45:15,888 - INFO - Handled missing values: 0 values filled
2024-10-29 20:45:15,890 - INFO - Handled 0 outliers in Open
2024-10-29 20:45:15,891 - INFO - Handled 0 outliers in High
2024-10-29 20:45:15,894 - INFO - Handled 0 outliers in Low
2024-10-29 20:45:15,896 - INFO - Handled 0 outliers in Close
2024-10-29 20:45:15,898 - INFO - Handled 23 outliers in Volume
2024-10-29 20:45:15,900 - ERROR - Error calculating EMA: Length of values (1238) does not match length of index (1229)
2024-10-29 20:45:15,900 - ERROR - Error calculating RSI: Length of values (1224) does not match length of index (1225)
2024-10-29 20:45:15,903 - INFO - Technical indicators added successfully
2024-10-29 20:45:15,906 - INFO - Volatility measures added successfully
2024-10-29 20:45:15,930 - INFO - Processed data saved for ASIANPAINT.NS
2024-10-29 20:45:15,936 - INFO - Loaded stock data shape: (1238, 7)
2024-10-29 20:45:15,937 - INFO - Handled missing values: 0 values filled
2024-10-29 20:45:15,940 - INFO - Handled 0 outliers in Open
2024-10-29 20:45:15,942 - INFO - Handled 0 outliers in High
2024-10-29 20:45:15,944 - INFO - Handled 0 outliers in Low
2024-10-29 20:45:15,945 - INFO - Handled 0 outliers in Close
2024-10-29 20:45:15,948 - INFO - Handled 30 outliers in Volume
2024-10-29 20:45:15,950 - ERROR - Error calculating EMA: Length of values (1238) does not match length of index (1229)
2024-10-29 20:45:15,950 - ERROR - Error calculating RSI: Length of values (1224) does not match length of index (1225)
2024-10-29 20:45:15,954 - INFO - Technical indicators added successfully
2024-10-29 20:45:15,956 - INFO - Volatility measures added successfully
2024-10-29 20:45:15,979 - INFO - Processed data saved for AXISBANK.NS
2024-10-29 20:45:15,985 - INFO - Loaded stock data shape: (1238, 7)
2024-10-29 20:45:15,987 - INFO - Handled missing values: 0 values filled
2024-10-29 20:45:15,989 - INFO - Handled 22 outliers in Open
2024-10-29 20:45:15,991 - INFO - Handled 24 outliers in High
2024-10-29 20:45:15,993 - INFO - Handled 23 outliers in Low
2024-10-29 20:45:15,995 - INFO - Handled 0 outliers in Close
2024-10-29 20:45:15,997 - INFO - Handled 21 outliers in Volume
2024-10-29 20:45:15,999 - ERROR - Error calculating EMA: Length of values (1238) does not match length of index (1229)
2024-10-29 20:45:16,000 - ERROR - Error calculating RSI: Length of values (1224) does not match length of index (1225)
2024-10-29 20:45:16,002 - INFO - Technical indicators added successfully
2024-10-29 20:45:16,005 - INFO - Volatility measures added successfully
2024-10-29 20:45:16,037 - INFO - Processed data saved for BAJAJ-AUTO.NS
2024-10-29 20:45:16,042 - INFO - Loaded stock data shape: (1238, 7)
2024-10-29 20:45:16,043 - INFO - Handled missing values: 0 values filled
2024-10-29 20:45:16,044 - INFO - Handled 0 outliers in Open
2024-10-29 20:45:16,046 - INFO - Handled 0 outliers in High
2024-10-29 20:45:16,048 - INFO - Handled 0 outliers in Low
2024-10-29 20:45:16,051 - INFO - Handled 0 outliers in Close
2024-10-29 20:45:16,053 - INFO - Handled 36 outliers in Volume
2024-10-29 20:45:16,054 - ERROR - Error calculating EMA: Length of values (1238) does not match length of index (1229)
2024-10-29 20:45:16,055 - ERROR - Error calculating RSI: Length of values (1224) does not match length of index (1225)
2024-10-29 20:45:16,057 - INFO - Technical indicators added successfully
2024-10-29 20:45:16,061 - INFO - Volatility measures added successfully
2024-10-29 20:45:16,084 - INFO - Processed data saved for BAJFINANCE.NS
2024-10-29 20:45:16,089 - INFO - Loaded stock data shape: (1238, 7)
2024-10-29 20:45:16,090 - INFO - Handled missing values: 0 values filled
2024-10-29 20:45:16,093 - INFO - Handled 0 outliers in Open
2024-10-29 20:45:16,096 - INFO - Handled 0 outliers in High
2024-10-29 20:45:16,099 - INFO - Handled 0 outliers in Low
2024-10-29 20:45:16,101 - INFO - Handled 0 outliers in Close
2024-10-29 20:45:16,104 - INFO - Handled 28 outliers in Volume
2024-10-29 20:45:16,104 - ERROR - Error calculating EMA: Length of values (1238) does not match length of index (1229)
2024-10-29 20:45:16,105 - ERROR - Error calculating RSI: Length of values (1224) does not match length of index (1225)
2024-10-29 20:45:16,108 - INFO - Technical indicators added successfully
2024-10-29 20:45:16,109 - INFO - Volatility measures added successfully
2024-10-29 20:45:16,133 - INFO - Processed data saved for BAJAJFINSV.NS
2024-10-29 20:45:16,139 - INFO - Loaded stock data shape: (1238, 7)
2024-10-29 20:45:16,141 - INFO - Handled missing values: 0 values filled
2024-10-29 20:45:16,143 - INFO - Handled 0 outliers in Open
2024-10-29 20:45:16,144 - INFO - Handled 0 outliers in High
2024-10-29 20:45:16,147 - INFO - Handled 0 outliers in Low
2024-10-29 20:45:16,149 - INFO - Handled 0 outliers in Close
2024-10-29 20:45:16,151 - INFO - Handled 18 outliers in Volume
2024-10-29 20:45:16,153 - ERROR - Error calculating EMA: Length of values (1238) does not match length of index (1229)
2024-10-29 20:45:16,153 - ERROR - Error calculating RSI: Length of values (1224) does not match length of index (1225)
2024-10-29 20:45:16,155 - INFO - Technical indicators added successfully
2024-10-29 20:45:16,157 - INFO - Volatility measures added successfully
2024-10-29 20:45:16,180 - INFO - Processed data saved for BEL.NS
2024-10-29 20:45:16,186 - INFO - Loaded stock data shape: (1238, 7)
2024-10-29 20:45:16,187 - INFO - Handled missing values: 0 values filled
2024-10-29 20:45:16,189 - INFO - Handled 7 outliers in Open
2024-10-29 20:45:16,191 - INFO - Handled 8 outliers in High
2024-10-29 20:45:16,193 - INFO - Handled 7 outliers in Low
2024-10-29 20:45:16,195 - INFO - Handled 7 outliers in Close
2024-10-29 20:45:16,198 - INFO - Handled 8 outliers in Volume
2024-10-29 20:45:16,200 - ERROR - Error calculating EMA: Length of values (1238) does not match length of index (1229)
2024-10-29 20:45:16,200 - ERROR - Error calculating RSI: Length of values (1224) does not match length of index (1225)
2024-10-29 20:45:16,202 - INFO - Technical indicators added successfully
2024-10-29 20:45:16,204 - INFO - Volatility measures added successfully
2024-10-29 20:45:16,228 - INFO - Processed data saved for BPCL.NS
2024-10-29 20:45:16,234 - INFO - Loaded stock data shape: (1238, 7)
2024-10-29 20:45:16,235 - INFO - Handled missing values: 0 values filled
2024-10-29 20:45:16,237 - INFO - Handled 10 outliers in Open
2024-10-29 20:45:16,239 - INFO - Handled 11 outliers in High
2024-10-29 20:45:16,241 - INFO - Handled 10 outliers in Low
2024-10-29 20:45:16,243 - INFO - Handled 10 outliers in Close
2024-10-29 20:45:16,245 - INFO - Handled 0 outliers in Volume
2024-10-29 20:45:16,248 - ERROR - Error calculating EMA: Length of values (1238) does not match length of index (1229)
2024-10-29 20:45:16,249 - ERROR - Error calculating RSI: Length of values (1224) does not match length of index (1225)
2024-10-29 20:45:16,252 - INFO - Technical indicators added successfully
2024-10-29 20:45:16,254 - INFO - Volatility measures added successfully
2024-10-29 20:45:16,277 - INFO - Processed data saved for BHARTIARTL.NS
2024-10-29 20:45:16,283 - INFO - Loaded stock data shape: (1238, 7)
2024-10-29 20:45:16,285 - INFO - Handled missing values: 0 values filled
2024-10-29 20:45:16,287 - INFO - Handled 0 outliers in Open
2024-10-29 20:45:16,288 - INFO - Handled 0 outliers in High
2024-10-29 20:45:16,290 - INFO - Handled 0 outliers in Low
2024-10-29 20:45:16,292 - INFO - Handled 0 outliers in Close
2024-10-29 20:45:16,295 - INFO - Handled 18 outliers in Volume
2024-10-29 20:45:16,297 - ERROR - Error calculating EMA: Length of values (1238) does not match length of index (1229)
2024-10-29 20:45:16,297 - ERROR - Error calculating RSI: Length of values (1224) does not match length of index (1225)
2024-10-29 20:45:16,300 - INFO - Technical indicators added successfully
2024-10-29 20:45:16,302 - INFO - Volatility measures added successfully
2024-10-29 20:45:16,327 - INFO - Processed data saved for BRITANNIA.NS
2024-10-29 20:45:16,332 - INFO - Loaded stock data shape: (1238, 7)
2024-10-29 20:45:16,334 - INFO - Handled missing values: 0 values filled
2024-10-29 20:45:16,335 - INFO - Handled 0 outliers in Open
2024-10-29 20:45:16,337 - INFO - Handled 0 outliers in High
2024-10-29 20:45:16,339 - INFO - Handled 0 outliers in Low
2024-10-29 20:45:16,342 - INFO - Handled 0 outliers in Close
2024-10-29 20:45:16,344 - INFO - Handled 24 outliers in Volume
2024-10-29 20:45:16,347 - ERROR - Error calculating EMA: Length of values (1238) does not match length of index (1229)
2024-10-29 20:45:16,347 - ERROR - Error calculating RSI: Length of values (1224) does not match length of index (1225)
2024-10-29 20:45:16,350 - INFO - Technical indicators added successfully
2024-10-29 20:45:16,352 - INFO - Volatility measures added successfully
2024-10-29 20:45:16,376 - INFO - Processed data saved for CIPLA.NS
2024-10-29 20:45:16,381 - INFO - Loaded stock data shape: (1238, 7)
2024-10-29 20:45:16,383 - INFO - Handled missing values: 0 values filled
2024-10-29 20:45:16,385 - INFO - Handled 0 outliers in Open
2024-10-29 20:45:16,387 - INFO - Handled 0 outliers in High
2024-10-29 20:45:16,390 - INFO - Handled 0 outliers in Low
2024-10-29 20:45:16,392 - INFO - Handled 0 outliers in Close
2024-10-29 20:45:16,394 - INFO - Handled 24 outliers in Volume
2024-10-29 20:45:16,395 - ERROR - Error calculating EMA: Length of values (1238) does not match length of index (1229)
2024-10-29 20:45:16,396 - ERROR - Error calculating RSI: Length of values (1224) does not match length of index (1225)
2024-10-29 20:45:16,399 - INFO - Technical indicators added successfully
2024-10-29 20:45:16,401 - INFO - Volatility measures added successfully
2024-10-29 20:45:16,425 - INFO - Processed data saved for COALINDIA.NS
2024-10-29 20:45:16,431 - INFO - Loaded stock data shape: (1238, 7)
2024-10-29 20:45:16,433 - INFO - Handled missing values: 0 values filled
2024-10-29 20:45:16,435 - INFO - Handled 0 outliers in Open
2024-10-29 20:45:16,437 - INFO - Handled 0 outliers in High
2024-10-29 20:45:16,439 - INFO - Handled 0 outliers in Low
2024-10-29 20:45:16,442 - INFO - Handled 0 outliers in Close
2024-10-29 20:45:16,444 - INFO - Handled 0 outliers in Volume
2024-10-29 20:45:16,445 - ERROR - Error calculating EMA: Length of values (1238) does not match length of index (1229)
2024-10-29 20:45:16,446 - ERROR - Error calculating RSI: Length of values (1224) does not match length of index (1225)
2024-10-29 20:45:16,448 - INFO - Technical indicators added successfully
2024-10-29 20:45:16,450 - INFO - Volatility measures added successfully
2024-10-29 20:45:16,474 - INFO - Processed data saved for DRREDDY.NS
2024-10-29 20:45:16,480 - INFO - Loaded stock data shape: (1238, 7)
2024-10-29 20:45:16,481 - INFO - Handled missing values: 0 values filled
2024-10-29 20:45:16,483 - INFO - Handled 0 outliers in Open
2024-10-29 20:45:16,486 - INFO - Handled 0 outliers in High
2024-10-29 20:45:16,488 - INFO - Handled 0 outliers in Low
2024-10-29 20:45:16,490 - INFO - Handled 0 outliers in Close
2024-10-29 20:45:16,492 - INFO - Handled 19 outliers in Volume
2024-10-29 20:45:16,494 - ERROR - Error calculating EMA: Length of values (1238) does not match length of index (1229)
2024-10-29 20:45:16,494 - ERROR - Error calculating RSI: Length of values (1224) does not match length of index (1225)
2024-10-29 20:45:16,498 - INFO - Technical indicators added successfully
2024-10-29 20:45:16,500 - INFO - Volatility measures added successfully
2024-10-29 20:45:16,524 - INFO - Processed data saved for EICHERMOT.NS
2024-10-29 20:45:16,530 - INFO - Loaded stock data shape: (1238, 7)
2024-10-29 20:45:16,531 - INFO - Handled missing values: 0 values filled
2024-10-29 20:45:16,533 - INFO - Handled 0 outliers in Open
2024-10-29 20:45:16,536 - INFO - Handled 0 outliers in High
2024-10-29 20:45:16,538 - INFO - Handled 0 outliers in Low
2024-10-29 20:45:16,540 - INFO - Handled 0 outliers in Close
2024-10-29 20:45:16,542 - INFO - Handled 16 outliers in Volume
2024-10-29 20:45:16,543 - ERROR - Error calculating EMA: Length of values (1238) does not match length of index (1229)
2024-10-29 20:45:16,544 - ERROR - Error calculating RSI: Length of values (1224) does not match length of index (1225)
2024-10-29 20:45:16,546 - INFO - Technical indicators added successfully
2024-10-29 20:45:16,549 - INFO - Volatility measures added successfully
2024-10-29 20:45:16,572 - INFO - Processed data saved for GRASIM.NS
2024-10-29 20:45:16,578 - INFO - Loaded stock data shape: (1238, 7)
2024-10-29 20:45:16,580 - INFO - Handled missing values: 0 values filled
2024-10-29 20:45:16,583 - INFO - Handled 0 outliers in Open
2024-10-29 20:45:16,585 - INFO - Handled 0 outliers in High
2024-10-29 20:45:16,587 - INFO - Handled 0 outliers in Low
2024-10-29 20:45:16,590 - INFO - Handled 0 outliers in Close
2024-10-29 20:45:16,592 - INFO - Handled 22 outliers in Volume
2024-10-29 20:45:16,594 - ERROR - Error calculating EMA: Length of values (1238) does not match length of index (1229)
2024-10-29 20:45:16,595 - ERROR - Error calculating RSI: Length of values (1224) does not match length of index (1225)
2024-10-29 20:45:16,601 - INFO - Technical indicators added successfully
2024-10-29 20:45:16,605 - INFO - Volatility measures added successfully
2024-10-29 20:45:16,644 - INFO - Processed data saved for HCLTECH.NS
2024-10-29 20:45:16,651 - INFO - Loaded stock data shape: (1238, 7)
2024-10-29 20:45:16,652 - INFO - Handled missing values: 0 values filled
2024-10-29 20:45:16,654 - INFO - Handled 3 outliers in Open
2024-10-29 20:45:16,657 - INFO - Handled 1 outliers in High
2024-10-29 20:45:16,659 - INFO - Handled 3 outliers in Low
2024-10-29 20:45:16,663 - INFO - Handled 2 outliers in Close
2024-10-29 20:45:16,668 - INFO - Handled 14 outliers in Volume
2024-10-29 20:45:16,672 - ERROR - Error calculating EMA: Length of values (1238) does not match length of index (1229)
2024-10-29 20:45:16,672 - ERROR - Error calculating RSI: Length of values (1224) does not match length of index (1225)
2024-10-29 20:45:16,676 - INFO - Technical indicators added successfully
2024-10-29 20:45:16,678 - INFO - Volatility measures added successfully
2024-10-29 20:45:16,702 - INFO - Processed data saved for HDFCBANK.NS
2024-10-29 20:45:16,708 - INFO - Loaded stock data shape: (1238, 7)
2024-10-29 20:45:16,709 - INFO - Handled missing values: 0 values filled
2024-10-29 20:45:16,712 - INFO - Handled 0 outliers in Open
2024-10-29 20:45:16,713 - INFO - Handled 2 outliers in High
2024-10-29 20:45:16,716 - INFO - Handled 4 outliers in Low
2024-10-29 20:45:16,718 - INFO - Handled 2 outliers in Close
2024-10-29 20:45:16,721 - INFO - Handled 20 outliers in Volume
2024-10-29 20:45:16,723 - ERROR - Error calculating EMA: Length of values (1238) does not match length of index (1229)
2024-10-29 20:45:16,723 - ERROR - Error calculating RSI: Length of values (1224) does not match length of index (1225)
2024-10-29 20:45:16,725 - INFO - Technical indicators added successfully
2024-10-29 20:45:16,727 - INFO - Volatility measures added successfully
2024-10-29 20:45:16,751 - INFO - Processed data saved for HDFCLIFE.NS
2024-10-29 20:45:16,756 - INFO - Loaded stock data shape: (1238, 7)
2024-10-29 20:45:16,757 - INFO - Handled missing values: 0 values filled
2024-10-29 20:45:16,759 - INFO - Handled 7 outliers in Open
2024-10-29 20:45:16,761 - INFO - Handled 8 outliers in High
2024-10-29 20:45:16,763 - INFO - Handled 0 outliers in Low
2024-10-29 20:45:16,765 - INFO - Handled 6 outliers in Close
2024-10-29 20:45:16,767 - INFO - Handled 0 outliers in Volume
2024-10-29 20:45:16,769 - ERROR - Error calculating EMA: Length of values (1238) does not match length of index (1229)
2024-10-29 20:45:16,769 - ERROR - Error calculating RSI: Length of values (1224) does not match length of index (1225)
2024-10-29 20:45:16,772 - INFO - Technical indicators added successfully
2024-10-29 20:45:16,774 - INFO - Volatility measures added successfully
2024-10-29 20:45:16,797 - INFO - Processed data saved for HEROMOTOCO.NS
2024-10-29 20:45:16,803 - INFO - Loaded stock data shape: (1238, 7)
2024-10-29 20:45:16,804 - INFO - Handled missing values: 0 values filled
2024-10-29 20:45:16,807 - INFO - Handled 0 outliers in Open
2024-10-29 20:45:16,808 - INFO - Handled 0 outliers in High
2024-10-29 20:45:16,810 - INFO - Handled 0 outliers in Low
2024-10-29 20:45:16,813 - INFO - Handled 0 outliers in Close
2024-10-29 20:45:16,815 - INFO - Handled 27 outliers in Volume
2024-10-29 20:45:16,817 - ERROR - Error calculating EMA: Length of values (1238) does not match length of index (1229)
2024-10-29 20:45:16,817 - ERROR - Error calculating RSI: Length of values (1224) does not match length of index (1225)
2024-10-29 20:45:16,820 - INFO - Technical indicators added successfully
2024-10-29 20:45:16,821 - INFO - Volatility measures added successfully
2024-10-29 20:45:16,845 - INFO - Processed data saved for HINDALCO.NS
2024-10-29 20:45:16,851 - INFO - Loaded stock data shape: (1238, 7)
2024-10-29 20:45:16,852 - INFO - Handled missing values: 0 values filled
2024-10-29 20:45:16,855 - INFO - Handled 0 outliers in Open
2024-10-29 20:45:16,857 - INFO - Handled 0 outliers in High
2024-10-29 20:45:16,859 - INFO - Handled 0 outliers in Low
2024-10-29 20:45:16,861 - INFO - Handled 0 outliers in Close
2024-10-29 20:45:16,863 - INFO - Handled 0 outliers in Volume
2024-10-29 20:45:16,865 - ERROR - Error calculating EMA: Length of values (1238) does not match length of index (1229)
2024-10-29 20:45:16,865 - ERROR - Error calculating RSI: Length of values (1224) does not match length of index (1225)
2024-10-29 20:45:16,868 - INFO - Technical indicators added successfully
2024-10-29 20:45:16,870 - INFO - Volatility measures added successfully
2024-10-29 20:45:16,893 - INFO - Processed data saved for HINDUNILVR.NS
2024-10-29 20:45:16,899 - INFO - Loaded stock data shape: (1238, 7)
2024-10-29 20:45:16,900 - INFO - Handled missing values: 0 values filled
2024-10-29 20:45:16,903 - INFO - Handled 0 outliers in Open
2024-10-29 20:45:16,905 - INFO - Handled 0 outliers in High
2024-10-29 20:45:16,907 - INFO - Handled 0 outliers in Low
2024-10-29 20:45:16,909 - INFO - Handled 0 outliers in Close
2024-10-29 20:45:16,911 - INFO - Handled 0 outliers in Volume
2024-10-29 20:45:16,912 - ERROR - Error calculating EMA: Length of values (1238) does not match length of index (1229)
2024-10-29 20:45:16,913 - ERROR - Error calculating RSI: Length of values (1224) does not match length of index (1225)
2024-10-29 20:45:16,915 - INFO - Technical indicators added successfully
2024-10-29 20:45:16,917 - INFO - Volatility measures added successfully
2024-10-29 20:45:16,941 - INFO - Processed data saved for ICICIBANK.NS
2024-10-29 20:45:16,947 - INFO - Loaded stock data shape: (1238, 7)
2024-10-29 20:45:16,950 - INFO - Handled missing values: 0 values filled
2024-10-29 20:45:16,952 - INFO - Handled 0 outliers in Open
2024-10-29 20:45:16,953 - INFO - Handled 0 outliers in High
2024-10-29 20:45:16,955 - INFO - Handled 0 outliers in Low
2024-10-29 20:45:16,958 - INFO - Handled 0 outliers in Close
2024-10-29 20:45:16,960 - INFO - Handled 0 outliers in Volume
2024-10-29 20:45:16,961 - ERROR - Error calculating EMA: Length of values (1238) does not match length of index (1229)
2024-10-29 20:45:16,961 - ERROR - Error calculating RSI: Length of values (1224) does not match length of index (1225)
2024-10-29 20:45:16,965 - INFO - Technical indicators added successfully
2024-10-29 20:45:16,967 - INFO - Volatility measures added successfully
2024-10-29 20:45:16,990 - INFO - Processed data saved for INDUSINDBK.NS
2024-10-29 20:45:16,996 - INFO - Loaded stock data shape: (1238, 7)
2024-10-29 20:45:16,998 - INFO - Handled missing values: 0 values filled
2024-10-29 20:45:17,000 - INFO - Handled 0 outliers in Open
2024-10-29 20:45:17,002 - INFO - Handled 0 outliers in High
2024-10-29 20:45:17,004 - INFO - Handled 0 outliers in Low
2024-10-29 20:45:17,006 - INFO - Handled 0 outliers in Close
2024-10-29 20:45:17,008 - INFO - Handled 0 outliers in Volume
2024-10-29 20:45:17,009 - ERROR - Error calculating EMA: Length of values (1238) does not match length of index (1229)
2024-10-29 20:45:17,010 - ERROR - Error calculating RSI: Length of values (1224) does not match length of index (1225)
2024-10-29 20:45:17,012 - INFO - Technical indicators added successfully
2024-10-29 20:45:17,014 - INFO - Volatility measures added successfully
2024-10-29 20:45:17,039 - INFO - Processed data saved for INFY.NS
2024-10-29 20:45:17,044 - INFO - Loaded stock data shape: (1238, 7)
2024-10-29 20:45:17,045 - INFO - Handled missing values: 0 values filled
2024-10-29 20:45:17,047 - INFO - Handled 0 outliers in Open
2024-10-29 20:45:17,050 - INFO - Handled 0 outliers in High
2024-10-29 20:45:17,051 - INFO - Handled 0 outliers in Low
2024-10-29 20:45:17,054 - INFO - Handled 0 outliers in Close
2024-10-29 20:45:17,056 - INFO - Handled 23 outliers in Volume
2024-10-29 20:45:17,058 - ERROR - Error calculating EMA: Length of values (1238) does not match length of index (1229)
2024-10-29 20:45:17,058 - ERROR - Error calculating RSI: Length of values (1224) does not match length of index (1225)
2024-10-29 20:45:17,061 - INFO - Technical indicators added successfully
2024-10-29 20:45:17,062 - INFO - Volatility measures added successfully
2024-10-29 20:45:17,086 - INFO - Processed data saved for ITC.NS
2024-10-29 20:45:17,092 - INFO - Loaded stock data shape: (1238, 7)
2024-10-29 20:45:17,093 - INFO - Handled missing values: 0 values filled
2024-10-29 20:45:17,095 - INFO - Handled 0 outliers in Open
2024-10-29 20:45:17,097 - INFO - Handled 0 outliers in High
2024-10-29 20:45:17,100 - INFO - Handled 0 outliers in Low
2024-10-29 20:45:17,101 - INFO - Handled 0 outliers in Close
2024-10-29 20:45:17,103 - INFO - Handled 0 outliers in Volume
2024-10-29 20:45:17,105 - ERROR - Error calculating EMA: Length of values (1238) does not match length of index (1229)
2024-10-29 20:45:17,105 - ERROR - Error calculating RSI: Length of values (1224) does not match length of index (1225)
2024-10-29 20:45:17,107 - INFO - Technical indicators added successfully
2024-10-29 20:45:17,109 - INFO - Volatility measures added successfully
2024-10-29 20:45:17,133 - INFO - Processed data saved for JSWSTEEL.NS
2024-10-29 20:45:17,138 - INFO - Loaded stock data shape: (1238, 7)
2024-10-29 20:45:17,139 - INFO - Handled missing values: 0 values filled
2024-10-29 20:45:17,141 - INFO - Handled 9 outliers in Open
2024-10-29 20:45:17,142 - INFO - Handled 9 outliers in High
2024-10-29 20:45:17,146 - INFO - Handled 12 outliers in Low
2024-10-29 20:45:17,149 - INFO - Handled 11 outliers in Close
2024-10-29 20:45:17,152 - INFO - Handled 10 outliers in Volume
2024-10-29 20:45:17,153 - ERROR - Error calculating EMA: Length of values (1238) does not match length of index (1229)
2024-10-29 20:45:17,153 - ERROR - Error calculating RSI: Length of values (1224) does not match length of index (1225)
2024-10-29 20:45:17,156 - INFO - Technical indicators added successfully
2024-10-29 20:45:17,158 - INFO - Volatility measures added successfully
2024-10-29 20:45:17,185 - INFO - Processed data saved for KOTAKBANK.NS
2024-10-29 20:45:17,191 - INFO - Loaded stock data shape: (1238, 7)
2024-10-29 20:45:17,192 - INFO - Handled missing values: 0 values filled
2024-10-29 20:45:17,194 - INFO - Handled 0 outliers in Open
2024-10-29 20:45:17,196 - INFO - Handled 0 outliers in High
2024-10-29 20:45:17,198 - INFO - Handled 0 outliers in Low
2024-10-29 20:45:17,201 - INFO - Handled 0 outliers in Close
2024-10-29 20:45:17,204 - INFO - Handled 33 outliers in Volume
2024-10-29 20:45:17,205 - ERROR - Error calculating EMA: Length of values (1238) does not match length of index (1229)
2024-10-29 20:45:17,206 - ERROR - Error calculating RSI: Length of values (1224) does not match length of index (1225)
2024-10-29 20:45:17,208 - INFO - Technical indicators added successfully
2024-10-29 20:45:17,210 - INFO - Volatility measures added successfully
2024-10-29 20:45:17,234 - INFO - Processed data saved for LT.NS
2024-10-29 20:45:17,239 - INFO - Loaded stock data shape: (1238, 7)
2024-10-29 20:45:17,241 - INFO - Handled missing values: 0 values filled
2024-10-29 20:45:17,243 - INFO - Handled 2 outliers in Open
2024-10-29 20:45:17,245 - INFO - Handled 2 outliers in High
2024-10-29 20:45:17,248 - INFO - Handled 3 outliers in Low
2024-10-29 20:45:17,252 - INFO - Handled 3 outliers in Close
2024-10-29 20:45:17,254 - INFO - Handled 24 outliers in Volume
2024-10-29 20:45:17,255 - ERROR - Error calculating EMA: Length of values (1238) does not match length of index (1229)
2024-10-29 20:45:17,255 - ERROR - Error calculating RSI: Length of values (1224) does not match length of index (1225)
2024-10-29 20:45:17,257 - INFO - Technical indicators added successfully
2024-10-29 20:45:17,259 - INFO - Volatility measures added successfully
2024-10-29 20:45:17,283 - INFO - Processed data saved for M&M.NS
2024-10-29 20:45:17,288 - INFO - Loaded stock data shape: (1238, 7)
2024-10-29 20:45:17,289 - INFO - Handled missing values: 0 values filled
2024-10-29 20:45:17,292 - INFO - Handled 0 outliers in Open
2024-10-29 20:45:17,293 - INFO - Handled 0 outliers in High
2024-10-29 20:45:17,295 - INFO - Handled 0 outliers in Low
2024-10-29 20:45:17,297 - INFO - Handled 0 outliers in Close
2024-10-29 20:45:17,299 - INFO - Handled 25 outliers in Volume
2024-10-29 20:45:17,301 - ERROR - Error calculating EMA: Length of values (1238) does not match length of index (1229)
2024-10-29 20:45:17,301 - ERROR - Error calculating RSI: Length of values (1224) does not match length of index (1225)
2024-10-29 20:45:17,303 - INFO - Technical indicators added successfully
2024-10-29 20:45:17,305 - INFO - Volatility measures added successfully
2024-10-29 20:45:17,328 - INFO - Processed data saved for MARUTI.NS
2024-10-29 20:45:17,334 - INFO - Loaded stock data shape: (1238, 7)
2024-10-29 20:45:17,337 - INFO - Handled missing values: 0 values filled
2024-10-29 20:45:17,339 - INFO - Handled 0 outliers in Open
2024-10-29 20:45:17,341 - INFO - Handled 0 outliers in High
2024-10-29 20:45:17,342 - INFO - Handled 0 outliers in Low
2024-10-29 20:45:17,344 - INFO - Handled 0 outliers in Close
2024-10-29 20:45:17,346 - INFO - Handled 16 outliers in Volume
2024-10-29 20:45:17,348 - ERROR - Error calculating EMA: Length of values (1238) does not match length of index (1229)
2024-10-29 20:45:17,348 - ERROR - Error calculating RSI: Length of values (1224) does not match length of index (1225)
2024-10-29 20:45:17,351 - INFO - Technical indicators added successfully
2024-10-29 20:45:17,353 - INFO - Volatility measures added successfully
2024-10-29 20:45:17,377 - INFO - Processed data saved for NESTLEIND.NS
2024-10-29 20:45:17,382 - INFO - Loaded stock data shape: (1238, 7)
2024-10-29 20:45:17,384 - INFO - Handled missing values: 0 values filled
2024-10-29 20:45:17,385 - INFO - Handled 0 outliers in Open
2024-10-29 20:45:17,387 - INFO - Handled 0 outliers in High
2024-10-29 20:45:17,389 - INFO - Handled 0 outliers in Low
2024-10-29 20:45:17,391 - INFO - Handled 0 outliers in Close
2024-10-29 20:45:17,394 - INFO - Handled 19 outliers in Volume
2024-10-29 20:45:17,395 - ERROR - Error calculating EMA: Length of values (1238) does not match length of index (1229)
2024-10-29 20:45:17,396 - ERROR - Error calculating RSI: Length of values (1224) does not match length of index (1225)
2024-10-29 20:45:17,399 - INFO - Technical indicators added successfully
2024-10-29 20:45:17,401 - INFO - Volatility measures added successfully
2024-10-29 20:45:17,424 - INFO - Processed data saved for NTPC.NS
2024-10-29 20:45:17,430 - INFO - Loaded stock data shape: (1238, 7)
2024-10-29 20:45:17,431 - INFO - Handled missing values: 0 values filled
2024-10-29 20:45:17,433 - INFO - Handled 0 outliers in Open
2024-10-29 20:45:17,435 - INFO - Handled 0 outliers in High
2024-10-29 20:45:17,437 - INFO - Handled 0 outliers in Low
2024-10-29 20:45:17,439 - INFO - Handled 0 outliers in Close
2024-10-29 20:45:17,441 - INFO - Handled 26 outliers in Volume
2024-10-29 20:45:17,443 - ERROR - Error calculating EMA: Length of values (1238) does not match length of index (1229)
2024-10-29 20:45:17,443 - ERROR - Error calculating RSI: Length of values (1224) does not match length of index (1225)
2024-10-29 20:45:17,447 - INFO - Technical indicators added successfully
2024-10-29 20:45:17,449 - INFO - Volatility measures added successfully
2024-10-29 20:45:17,473 - INFO - Processed data saved for ONGC.NS
2024-10-29 20:45:17,478 - INFO - Loaded stock data shape: (1238, 7)
2024-10-29 20:45:17,479 - INFO - Handled missing values: 0 values filled
2024-10-29 20:45:17,481 - INFO - Handled 0 outliers in Open
2024-10-29 20:45:17,483 - INFO - Handled 0 outliers in High
2024-10-29 20:45:17,485 - INFO - Handled 0 outliers in Low
2024-10-29 20:45:17,488 - INFO - Handled 0 outliers in Close
2024-10-29 20:45:17,490 - INFO - Handled 20 outliers in Volume
2024-10-29 20:45:17,492 - ERROR - Error calculating EMA: Length of values (1238) does not match length of index (1229)
2024-10-29 20:45:17,492 - ERROR - Error calculating RSI: Length of values (1224) does not match length of index (1225)
2024-10-29 20:45:17,495 - INFO - Technical indicators added successfully
2024-10-29 20:45:17,498 - INFO - Volatility measures added successfully
2024-10-29 20:45:17,522 - INFO - Processed data saved for POWERGRID.NS
2024-10-29 20:45:17,527 - INFO - Loaded stock data shape: (1238, 7)
2024-10-29 20:45:17,528 - INFO - Handled missing values: 0 values filled
2024-10-29 20:45:17,530 - INFO - Handled 0 outliers in Open
2024-10-29 20:45:17,532 - INFO - Handled 0 outliers in High
2024-10-29 20:45:17,535 - INFO - Handled 0 outliers in Low
2024-10-29 20:45:17,537 - INFO - Handled 0 outliers in Close
2024-10-29 20:45:17,538 - INFO - Handled 26 outliers in Volume
2024-10-29 20:45:17,541 - ERROR - Error calculating EMA: Length of values (1238) does not match length of index (1229)
2024-10-29 20:45:17,541 - ERROR - Error calculating RSI: Length of values (1224) does not match length of index (1225)
2024-10-29 20:45:17,543 - INFO - Technical indicators added successfully
2024-10-29 20:45:17,546 - INFO - Volatility measures added successfully
2024-10-29 20:45:17,570 - INFO - Processed data saved for RELIANCE.NS
2024-10-29 20:45:17,575 - INFO - Loaded stock data shape: (1238, 7)
2024-10-29 20:45:17,577 - INFO - Handled missing values: 0 values filled
2024-10-29 20:45:17,579 - INFO - Handled 0 outliers in Open
2024-10-29 20:45:17,581 - INFO - Handled 0 outliers in High
2024-10-29 20:45:17,583 - INFO - Handled 0 outliers in Low
2024-10-29 20:45:17,585 - INFO - Handled 0 outliers in Close
2024-10-29 20:45:17,587 - INFO - Handled 9 outliers in Volume
2024-10-29 20:45:17,589 - ERROR - Error calculating EMA: Length of values (1238) does not match length of index (1229)
2024-10-29 20:45:17,589 - ERROR - Error calculating RSI: Length of values (1224) does not match length of index (1225)
2024-10-29 20:45:17,592 - INFO - Technical indicators added successfully
2024-10-29 20:45:17,593 - INFO - Volatility measures added successfully
2024-10-29 20:45:17,618 - INFO - Processed data saved for SBILIFE.NS
2024-10-29 20:45:17,623 - INFO - Loaded stock data shape: (1238, 7)
2024-10-29 20:45:17,624 - INFO - Handled missing values: 0 values filled
2024-10-29 20:45:17,626 - INFO - Handled 10 outliers in Open
2024-10-29 20:45:17,629 - INFO - Handled 11 outliers in High
2024-10-29 20:45:17,632 - INFO - Handled 0 outliers in Low
2024-10-29 20:45:17,634 - INFO - Handled 10 outliers in Close
2024-10-29 20:45:17,636 - INFO - Handled 0 outliers in Volume
2024-10-29 20:45:17,637 - ERROR - Error calculating EMA: Length of values (1238) does not match length of index (1229)
2024-10-29 20:45:17,638 - ERROR - Error calculating RSI: Length of values (1224) does not match length of index (1225)
2024-10-29 20:45:17,640 - INFO - Technical indicators added successfully
2024-10-29 20:45:17,643 - INFO - Volatility measures added successfully
2024-10-29 20:45:17,668 - INFO - Processed data saved for SHRIRAMFIN.NS
2024-10-29 20:45:17,673 - INFO - Loaded stock data shape: (1238, 7)
2024-10-29 20:45:17,674 - INFO - Handled missing values: 0 values filled
2024-10-29 20:45:17,677 - INFO - Handled 0 outliers in Open
2024-10-29 20:45:17,678 - INFO - Handled 0 outliers in High
2024-10-29 20:45:17,681 - INFO - Handled 0 outliers in Low
2024-10-29 20:45:17,683 - INFO - Handled 0 outliers in Close
2024-10-29 20:45:17,684 - INFO - Handled 23 outliers in Volume
2024-10-29 20:45:17,687 - ERROR - Error calculating EMA: Length of values (1238) does not match length of index (1229)
2024-10-29 20:45:17,688 - ERROR - Error calculating RSI: Length of values (1224) does not match length of index (1225)
2024-10-29 20:45:17,691 - INFO - Technical indicators added successfully
2024-10-29 20:45:17,693 - INFO - Volatility measures added successfully
2024-10-29 20:45:17,716 - INFO - Processed data saved for SBIN.NS
2024-10-29 20:45:17,721 - INFO - Loaded stock data shape: (1238, 7)
2024-10-29 20:45:17,722 - INFO - Handled missing values: 0 values filled
2024-10-29 20:45:17,725 - INFO - Handled 0 outliers in Open
2024-10-29 20:45:17,726 - INFO - Handled 0 outliers in High
2024-10-29 20:45:17,728 - INFO - Handled 0 outliers in Low
2024-10-29 20:45:17,730 - INFO - Handled 0 outliers in Close
2024-10-29 20:45:17,732 - INFO - Handled 26 outliers in Volume
2024-10-29 20:45:17,733 - ERROR - Error calculating EMA: Length of values (1238) does not match length of index (1229)
2024-10-29 20:45:17,734 - ERROR - Error calculating RSI: Length of values (1224) does not match length of index (1225)
2024-10-29 20:45:17,736 - INFO - Technical indicators added successfully
2024-10-29 20:45:17,738 - INFO - Volatility measures added successfully
2024-10-29 20:45:17,761 - INFO - Processed data saved for SUNPHARMA.NS
2024-10-29 20:45:17,767 - INFO - Loaded stock data shape: (1238, 7)
2024-10-29 20:45:17,768 - INFO - Handled missing values: 0 values filled
2024-10-29 20:45:17,770 - INFO - Handled 0 outliers in Open
2024-10-29 20:45:17,772 - INFO - Handled 0 outliers in High
2024-10-29 20:45:17,774 - INFO - Handled 0 outliers in Low
2024-10-29 20:45:17,776 - INFO - Handled 0 outliers in Close
2024-10-29 20:45:17,778 - INFO - Handled 23 outliers in Volume
2024-10-29 20:45:17,780 - ERROR - Error calculating EMA: Length of values (1238) does not match length of index (1229)
2024-10-29 20:45:17,780 - ERROR - Error calculating RSI: Length of values (1224) does not match length of index (1225)
2024-10-29 20:45:17,784 - INFO - Technical indicators added successfully
2024-10-29 20:45:17,785 - INFO - Volatility measures added successfully
2024-10-29 20:45:17,809 - INFO - Processed data saved for TCS.NS
2024-10-29 20:45:17,816 - INFO - Loaded stock data shape: (1238, 7)
2024-10-29 20:45:17,817 - INFO - Handled missing values: 0 values filled
2024-10-29 20:45:17,820 - INFO - Handled 0 outliers in Open
2024-10-29 20:45:17,822 - INFO - Handled 0 outliers in High
2024-10-29 20:45:17,823 - INFO - Handled 0 outliers in Low
2024-10-29 20:45:17,825 - INFO - Handled 0 outliers in Close
2024-10-29 20:45:17,827 - INFO - Handled 12 outliers in Volume
2024-10-29 20:45:17,828 - ERROR - Error calculating EMA: Length of values (1238) does not match length of index (1229)
2024-10-29 20:45:17,829 - ERROR - Error calculating RSI: Length of values (1224) does not match length of index (1225)
2024-10-29 20:45:17,832 - INFO - Technical indicators added successfully
2024-10-29 20:45:17,834 - INFO - Volatility measures added successfully
2024-10-29 20:45:17,857 - INFO - Processed data saved for TATACONSUM.NS
2024-10-29 20:45:17,862 - INFO - Loaded stock data shape: (1238, 7)
2024-10-29 20:45:17,864 - INFO - Handled missing values: 0 values filled
2024-10-29 20:45:17,866 - INFO - Handled 0 outliers in Open
2024-10-29 20:45:17,869 - INFO - Handled 0 outliers in High
2024-10-29 20:45:17,870 - INFO - Handled 0 outliers in Low
2024-10-29 20:45:17,872 - INFO - Handled 0 outliers in Close
2024-10-29 20:45:17,875 - INFO - Handled 26 outliers in Volume
2024-10-29 20:45:17,877 - ERROR - Error calculating EMA: Length of values (1238) does not match length of index (1229)
2024-10-29 20:45:17,878 - ERROR - Error calculating RSI: Length of values (1224) does not match length of index (1225)
2024-10-29 20:45:17,880 - INFO - Technical indicators added successfully
2024-10-29 20:45:17,883 - INFO - Volatility measures added successfully
2024-10-29 20:45:17,907 - INFO - Processed data saved for TATAMOTORS.NS
2024-10-29 20:45:17,912 - INFO - Loaded stock data shape: (1238, 7)
2024-10-29 20:45:17,913 - INFO - Handled missing values: 0 values filled
2024-10-29 20:45:17,915 - INFO - Handled 0 outliers in Open
2024-10-29 20:45:17,917 - INFO - Handled 0 outliers in High
2024-10-29 20:45:17,920 - INFO - Handled 0 outliers in Low
2024-10-29 20:45:17,922 - INFO - Handled 0 outliers in Close
2024-10-29 20:45:17,924 - INFO - Handled 0 outliers in Volume
2024-10-29 20:45:17,926 - ERROR - Error calculating EMA: Length of values (1238) does not match length of index (1229)
2024-10-29 20:45:17,926 - ERROR - Error calculating RSI: Length of values (1224) does not match length of index (1225)
2024-10-29 20:45:17,929 - INFO - Technical indicators added successfully
2024-10-29 20:45:17,932 - INFO - Volatility measures added successfully
2024-10-29 20:45:17,957 - INFO - Processed data saved for TATASTEEL.NS
2024-10-29 20:45:17,962 - INFO - Loaded stock data shape: (1238, 7)
2024-10-29 20:45:17,965 - INFO - Handled missing values: 0 values filled
2024-10-29 20:45:17,967 - INFO - Handled 0 outliers in Open
2024-10-29 20:45:17,969 - INFO - Handled 0 outliers in High
2024-10-29 20:45:17,971 - INFO - Handled 0 outliers in Low
2024-10-29 20:45:17,973 - INFO - Handled 0 outliers in Close
2024-10-29 20:45:17,975 - INFO - Handled 20 outliers in Volume
2024-10-29 20:45:17,977 - ERROR - Error calculating EMA: Length of values (1238) does not match length of index (1229)
2024-10-29 20:45:17,977 - ERROR - Error calculating RSI: Length of values (1224) does not match length of index (1225)
2024-10-29 20:45:17,980 - INFO - Technical indicators added successfully
2024-10-29 20:45:17,983 - INFO - Volatility measures added successfully
2024-10-29 20:45:18,006 - INFO - Processed data saved for TECHM.NS
2024-10-29 20:45:18,011 - INFO - Loaded stock data shape: (1238, 7)
2024-10-29 20:45:18,013 - INFO - Handled missing values: 0 values filled
2024-10-29 20:45:18,015 - INFO - Handled 0 outliers in Open
2024-10-29 20:45:18,018 - INFO - Handled 0 outliers in High
2024-10-29 20:45:18,020 - INFO - Handled 0 outliers in Low
2024-10-29 20:45:18,021 - INFO - Handled 0 outliers in Close
2024-10-29 20:45:18,023 - INFO - Handled 22 outliers in Volume
2024-10-29 20:45:18,024 - ERROR - Error calculating EMA: Length of values (1238) does not match length of index (1229)
2024-10-29 20:45:18,025 - ERROR - Error calculating RSI: Length of values (1224) does not match length of index (1225)
2024-10-29 20:45:18,027 - INFO - Technical indicators added successfully
2024-10-29 20:45:18,029 - INFO - Volatility measures added successfully
2024-10-29 20:45:18,054 - INFO - Processed data saved for TITAN.NS
2024-10-29 20:45:18,059 - INFO - Loaded stock data shape: (1238, 7)
2024-10-29 20:45:18,060 - INFO - Handled missing values: 0 values filled
2024-10-29 20:45:18,063 - INFO - Handled 47 outliers in Open
2024-10-29 20:45:18,065 - INFO - Handled 48 outliers in High
2024-10-29 20:45:18,067 - INFO - Handled 48 outliers in Low
2024-10-29 20:45:18,069 - INFO - Handled 47 outliers in Close
2024-10-29 20:45:18,071 - INFO - Handled 15 outliers in Volume
2024-10-29 20:45:18,073 - ERROR - Error calculating EMA: Length of values (1238) does not match length of index (1229)
2024-10-29 20:45:18,073 - ERROR - Error calculating RSI: Length of values (1224) does not match length of index (1225)
2024-10-29 20:45:18,075 - INFO - Technical indicators added successfully
2024-10-29 20:45:18,077 - INFO - Volatility measures added successfully
2024-10-29 20:45:18,109 - INFO - Processed data saved for TRENT.NS
2024-10-29 20:45:18,115 - INFO - Loaded stock data shape: (1238, 7)
2024-10-29 20:45:18,116 - INFO - Handled missing values: 0 values filled
2024-10-29 20:45:18,118 - INFO - Handled 0 outliers in Open
2024-10-29 20:45:18,120 - INFO - Handled 0 outliers in High
2024-10-29 20:45:18,122 - INFO - Handled 0 outliers in Low
2024-10-29 20:45:18,124 - INFO - Handled 0 outliers in Close
2024-10-29 20:45:18,126 - INFO - Handled 0 outliers in Volume
2024-10-29 20:45:18,128 - ERROR - Error calculating EMA: Length of values (1238) does not match length of index (1229)
2024-10-29 20:45:18,128 - ERROR - Error calculating RSI: Length of values (1224) does not match length of index (1225)
2024-10-29 20:45:18,130 - INFO - Technical indicators added successfully
2024-10-29 20:45:18,133 - INFO - Volatility measures added successfully
2024-10-29 20:45:18,157 - INFO - Processed data saved for ULTRACEMCO.NS
2024-10-29 20:45:18,164 - INFO - Loaded stock data shape: (1238, 7)
2024-10-29 20:45:18,166 - INFO - Handled missing values: 0 values filled
2024-10-29 20:45:18,168 - INFO - Handled 0 outliers in Open
2024-10-29 20:45:18,170 - INFO - Handled 0 outliers in High
2024-10-29 20:45:18,172 - INFO - Handled 0 outliers in Low
2024-10-29 20:45:18,174 - INFO - Handled 0 outliers in Close
2024-10-29 20:45:18,176 - INFO - Handled 27 outliers in Volume
2024-10-29 20:45:18,177 - ERROR - Error calculating EMA: Length of values (1238) does not match length of index (1229)
2024-10-29 20:45:18,178 - ERROR - Error calculating RSI: Length of values (1224) does not match length of index (1225)
2024-10-29 20:45:18,182 - INFO - Technical indicators added successfully
2024-10-29 20:45:18,184 - INFO - Volatility measures added successfully
2024-10-29 20:45:18,208 - INFO - Processed data saved for WIPRO.NS
2024-10-29 20:45:18,214 - INFO - Loaded index data shape: (1237, 7)
2024-10-29 20:45:18,215 - INFO - Handled missing values: 0 values filled
2024-10-29 20:45:18,218 - INFO - Handled 0 outliers in Open
2024-10-29 20:45:18,219 - INFO - Handled 0 outliers in High
2024-10-29 20:45:18,221 - INFO - Handled 0 outliers in Low
2024-10-29 20:45:18,224 - INFO - Handled 0 outliers in Close
2024-10-29 20:45:18,226 - INFO - Handled 13 outliers in Volume
2024-10-29 20:45:18,228 - ERROR - Error calculating EMA: Length of values (1237) does not match length of index (1228)
2024-10-29 20:45:18,228 - ERROR - Error calculating RSI: Length of values (1223) does not match length of index (1224)
2024-10-29 20:45:18,231 - INFO - Technical indicators added successfully
2024-10-29 20:45:18,234 - INFO - Volatility measures added successfully
2024-10-29 20:45:18,259 - INFO - Processed data saved for NIFTY 50
2024-10-29 20:45:18,265 - INFO - Loaded index data shape: (1224, 7)
2024-10-29 20:45:18,266 - INFO - Handled missing values: 0 values filled
2024-10-29 20:45:18,268 - INFO - Handled 0 outliers in Open
2024-10-29 20:45:18,270 - INFO - Handled 0 outliers in High
2024-10-29 20:45:18,273 - INFO - Handled 0 outliers in Low
2024-10-29 20:45:18,275 - INFO - Handled 0 outliers in Close
2024-10-29 20:45:18,277 - INFO - Handled 4 outliers in Volume
2024-10-29 20:45:18,278 - ERROR - Error calculating EMA: Length of values (1224) does not match length of index (1215)
2024-10-29 20:45:18,279 - ERROR - Error calculating RSI: Length of values (1210) does not match length of index (1211)
2024-10-29 20:45:18,281 - INFO - Technical indicators added successfully
2024-10-29 20:45:18,284 - INFO - Volatility measures added successfully
2024-10-29 20:45:18,307 - INFO - Processed data saved for NIFTY AUTO
2024-10-29 20:45:18,311 - INFO - Loaded index data shape: (1234, 7)
2024-10-29 20:45:18,314 - INFO - Handled missing values: 0 values filled
2024-10-29 20:45:18,316 - INFO - Handled 0 outliers in Open
2024-10-29 20:45:18,318 - INFO - Handled 0 outliers in High
2024-10-29 20:45:18,320 - INFO - Handled 0 outliers in Low
2024-10-29 20:45:18,321 - INFO - Handled 0 outliers in Close
2024-10-29 20:45:18,323 - INFO - Handled 8 outliers in Volume
2024-10-29 20:45:18,325 - ERROR - Error calculating EMA: Length of values (1234) does not match length of index (1225)
2024-10-29 20:45:18,325 - ERROR - Error calculating RSI: Length of values (1220) does not match length of index (1221)
2024-10-29 20:45:18,327 - INFO - Technical indicators added successfully
2024-10-29 20:45:18,329 - INFO - Volatility measures added successfully
2024-10-29 20:45:18,352 - INFO - Processed data saved for SENSEX
2024-10-29 20:45:18,357 - INFO - Loaded index data shape: (1232, 7)
2024-10-29 20:45:18,358 - INFO - Handled missing values: 0 values filled
2024-10-29 20:45:18,361 - INFO - Handled 0 outliers in Open
2024-10-29 20:45:18,363 - INFO - Handled 0 outliers in High
2024-10-29 20:45:18,366 - INFO - Handled 0 outliers in Low
2024-10-29 20:45:18,368 - INFO - Handled 0 outliers in Close
2024-10-29 20:45:18,370 - INFO - Handled 1 outliers in Volume
2024-10-29 20:45:18,372 - ERROR - Error calculating EMA: Length of values (1232) does not match length of index (1223)
2024-10-29 20:45:18,373 - ERROR - Error calculating RSI: Length of values (1218) does not match length of index (1219)
2024-10-29 20:45:18,375 - INFO - Technical indicators added successfully
2024-10-29 20:45:18,377 - INFO - Volatility measures added successfully
2024-10-29 20:45:18,400 - INFO - Processed data saved for NIFTY Bank
2024-10-29 20:45:18,401 - ERROR - File not found: data\raw\indices\CNXCONSUMER_index_data.csv
2024-10-29 20:45:18,402 - WARNING - Empty dataframe for NIFTY Consumer Durables, skipping processing
2024-10-29 20:45:18,402 - ERROR - File not found: data\raw\indices\CNXFINANCE_index_data.csv
2024-10-29 20:45:18,403 - WARNING - Empty dataframe for NIFTY Financial Services, skipping processing
2024-10-29 20:45:18,407 - INFO - Loaded index data shape: (1223, 7)
2024-10-29 20:45:18,408 - INFO - Handled missing values: 0 values filled
2024-10-29 20:45:18,411 - INFO - Handled 0 outliers in Open
2024-10-29 20:45:18,413 - INFO - Handled 0 outliers in High
2024-10-29 20:45:18,416 - INFO - Handled 0 outliers in Low
2024-10-29 20:45:18,419 - INFO - Handled 0 outliers in Close
2024-10-29 20:45:18,421 - INFO - Handled 4 outliers in Volume
2024-10-29 20:45:18,422 - ERROR - Error calculating EMA: Length of values (1223) does not match length of index (1214)
2024-10-29 20:45:18,422 - ERROR - Error calculating RSI: Length of values (1209) does not match length of index (1210)
2024-10-29 20:45:18,425 - INFO - Technical indicators added successfully
2024-10-29 20:45:18,426 - INFO - Volatility measures added successfully
2024-10-29 20:45:18,449 - INFO - Processed data saved for NIFTY FMCG
2024-10-29 20:45:18,450 - ERROR - File not found: data\raw\indices\CNXHEALTHCARE_index_data.csv
2024-10-29 20:45:18,451 - WARNING - Empty dataframe for NIFTY Healthcare, skipping processing
2024-10-29 20:45:18,456 - INFO - Loaded index data shape: (1232, 7)
2024-10-29 20:45:18,458 - INFO - Handled missing values: 0 values filled
2024-10-29 20:45:18,460 - INFO - Handled 0 outliers in Open
2024-10-29 20:45:18,461 - INFO - Handled 0 outliers in High
2024-10-29 20:45:18,463 - INFO - Handled 0 outliers in Low
2024-10-29 20:45:18,466 - INFO - Handled 0 outliers in Close
2024-10-29 20:45:18,468 - INFO - Handled 2 outliers in Volume
2024-10-29 20:45:18,469 - ERROR - Error calculating EMA: Length of values (1232) does not match length of index (1223)
2024-10-29 20:45:18,470 - ERROR - Error calculating RSI: Length of values (1218) does not match length of index (1219)
2024-10-29 20:45:18,472 - INFO - Technical indicators added successfully
2024-10-29 20:45:18,483 - INFO - Volatility measures added successfully
2024-10-29 20:45:18,510 - INFO - Processed data saved for NIFTY IT
2024-10-29 20:45:18,516 - INFO - Loaded index data shape: (1224, 7)
2024-10-29 20:45:18,518 - INFO - Handled missing values: 0 values filled
2024-10-29 20:45:18,520 - INFO - Handled 0 outliers in Open
2024-10-29 20:45:18,523 - INFO - Handled 0 outliers in High
2024-10-29 20:45:18,526 - INFO - Handled 0 outliers in Low
2024-10-29 20:45:18,528 - INFO - Handled 0 outliers in Close
2024-10-29 20:45:18,530 - INFO - Handled 2 outliers in Volume
2024-10-29 20:45:18,533 - ERROR - Error calculating EMA: Length of values (1224) does not match length of index (1215)
2024-10-29 20:45:18,533 - ERROR - Error calculating RSI: Length of values (1210) does not match length of index (1211)
2024-10-29 20:45:18,535 - INFO - Technical indicators added successfully
2024-10-29 20:45:18,537 - INFO - Volatility measures added successfully
2024-10-29 20:45:18,561 - INFO - Processed data saved for NIFTY Media
2024-10-29 20:45:18,566 - INFO - Loaded index data shape: (1224, 7)
2024-10-29 20:45:18,568 - INFO - Handled missing values: 0 values filled
2024-10-29 20:45:18,570 - INFO - Handled 0 outliers in Open
2024-10-29 20:45:18,572 - INFO - Handled 0 outliers in High
2024-10-29 20:45:18,574 - INFO - Handled 0 outliers in Low
2024-10-29 20:45:18,576 - INFO - Handled 0 outliers in Close
2024-10-29 20:45:18,578 - INFO - Handled 4 outliers in Volume
2024-10-29 20:45:18,581 - ERROR - Error calculating EMA: Length of values (1224) does not match length of index (1215)
2024-10-29 20:45:18,581 - ERROR - Error calculating RSI: Length of values (1210) does not match length of index (1211)
2024-10-29 20:45:18,584 - INFO - Technical indicators added successfully
2024-10-29 20:45:18,586 - INFO - Volatility measures added successfully
2024-10-29 20:45:18,609 - INFO - Processed data saved for NIFTY Metal
2024-10-29 20:45:18,616 - INFO - Loaded index data shape: (1224, 7)
2024-10-29 20:45:18,618 - INFO - Handled missing values: 0 values filled
2024-10-29 20:45:18,620 - INFO - Handled 0 outliers in Open
2024-10-29 20:45:18,622 - INFO - Handled 0 outliers in High
2024-10-29 20:45:18,623 - INFO - Handled 0 outliers in Low
2024-10-29 20:45:18,625 - INFO - Handled 0 outliers in Close
2024-10-29 20:45:18,628 - INFO - Handled 4 outliers in Volume
2024-10-29 20:45:18,630 - ERROR - Error calculating EMA: Length of values (1224) does not match length of index (1215)
2024-10-29 20:45:18,630 - ERROR - Error calculating RSI: Length of values (1210) does not match length of index (1211)
2024-10-29 20:45:18,632 - INFO - Technical indicators added successfully
2024-10-29 20:45:18,634 - INFO - Volatility measures added successfully
2024-10-29 20:45:18,658 - INFO - Processed data saved for NIFTY Oil & Gas
2024-10-29 20:45:18,658 - ERROR - File not found: data\raw\indices\CNXPHARMA_index_data.csv
2024-10-29 20:45:18,660 - WARNING - Empty dataframe for NIFTY Pharma, skipping processing
2024-10-29 20:45:18,660 - ERROR - File not found: data\raw\indices\CNXPRIVATBANK_index_data.csv
2024-10-29 20:45:18,660 - WARNING - Empty dataframe for NIFTY Private Bank, skipping processing
2024-10-29 20:45:18,661 - ERROR - File not found: data\raw\indices\CNXPSU_index_data.csv
2024-10-29 20:45:18,662 - WARNING - Empty dataframe for NIFTY PSU Bank, skipping processing
2024-10-29 20:45:18,667 - INFO - Loaded index data shape: (1224, 7)
2024-10-29 20:45:18,668 - INFO - Handled missing values: 0 values filled
2024-10-29 20:45:18,670 - INFO - Handled 0 outliers in Open
2024-10-29 20:45:18,672 - INFO - Handled 0 outliers in High
2024-10-29 20:45:18,673 - INFO - Handled 0 outliers in Low
2024-10-29 20:45:18,676 - INFO - Handled 0 outliers in Close
2024-10-29 20:45:18,678 - INFO - Handled 4 outliers in Volume
2024-10-29 20:45:18,679 - ERROR - Error calculating EMA: Length of values (1224) does not match length of index (1215)
2024-10-29 20:45:18,680 - ERROR - Error calculating RSI: Length of values (1210) does not match length of index (1211)
2024-10-29 20:45:18,683 - INFO - Technical indicators added successfully
2024-10-29 20:45:18,685 - INFO - Volatility measures added successfully
2024-10-29 20:45:18,709 - INFO - Processed data saved for NIFTY Realty
2024-10-29 20:45:18,709 - INFO - 
Preprocessing Summary:
2024-10-29 20:45:18,710 - INFO - Total files attempted: 55
2024-10-29 20:45:18,710 - INFO - Successfully processed: 60
2024-10-29 20:45:18,710 - INFO - Failed to process: 6
2024-10-29 20:45:18,711 - INFO - Success rate: 109.09%
2024-10-29 20:45:18,711 - INFO - Total processing time: 4.62 seconds
